0 info it worked if it ends with ok
1 verbose cli [ '/usr/local/Cellar/node/0.10.22/bin/node',
1 verbose cli   '/usr/local/bin/npm',
1 verbose cli   'install',
1 verbose cli   'passup' ]
2 info using npm@1.3.14
3 info using node@v0.10.22
4 verbose cache add [ 'passup', null ]
5 verbose cache add name=undefined spec="passup" args=["passup",null]
6 verbose parsed url { protocol: null,
6 verbose parsed url   slashes: null,
6 verbose parsed url   auth: null,
6 verbose parsed url   host: null,
6 verbose parsed url   port: null,
6 verbose parsed url   hostname: null,
6 verbose parsed url   hash: null,
6 verbose parsed url   search: null,
6 verbose parsed url   query: null,
6 verbose parsed url   pathname: 'passup',
6 verbose parsed url   path: 'passup',
6 verbose parsed url   href: 'passup' }
7 silly lockFile 65b90f19-passup passup
8 verbose lock passup /Users/drew/.npm/65b90f19-passup.lock
9 silly lockFile 65b90f19-passup passup
10 silly lockFile 65b90f19-passup passup
11 verbose addNamed [ 'passup', '' ]
12 verbose addNamed [ null, '*' ]
13 silly lockFile fa543c35-passup passup@
14 verbose lock passup@ /Users/drew/.npm/fa543c35-passup.lock
15 silly addNameRange { name: 'passup', range: '*', hasData: false }
16 verbose url raw passup
17 verbose url resolving [ 'https://registry.npmjs.org/', './passup' ]
18 verbose url resolved https://registry.npmjs.org/passup
19 info trying registry request attempt 1 at 20:54:41
20 http GET https://registry.npmjs.org/passup
21 http 404 https://registry.npmjs.org/passup
22 silly registry.get cb [ 404,
22 silly registry.get   { date: 'Fri, 11 Apr 2014 03:54:42 GMT',
22 silly registry.get     server: 'CouchDB/1.5.0 (Erlang OTP/R14B04)',
22 silly registry.get     'content-type': 'application/json',
22 silly registry.get     via: '1.1 varnish',
22 silly registry.get     'cache-control': 'max-age=0',
22 silly registry.get     'content-length': '52',
22 silly registry.get     'accept-ranges': 'bytes',
22 silly registry.get     age: '0',
22 silly registry.get     'x-served-by': 'cache-v43-ASH, cache-lax1426-LAX',
22 silly registry.get     'x-cache': 'MISS, MISS',
22 silly registry.get     'x-cache-hits': '0, 0',
22 silly registry.get     'x-timer': 'S1397188482.174831152,VS0,VS32,VE136,VE167',
22 silly registry.get     'keep-alive': 'timeout=10, max=50',
22 silly registry.get     connection: 'Keep-Alive' } ]
23 silly lockFile fa543c35-passup passup@
24 silly lockFile fa543c35-passup passup@
25 error 404 'passup' is not in the npm registry.
25 error 404 You should bug the author to publish it
25 error 404
25 error 404 Note that you can also install from a
25 error 404 tarball, folder, or http url, or git url.
26 error System Darwin 13.1.0
27 error command "/usr/local/Cellar/node/0.10.22/bin/node" "/usr/local/bin/npm" "install" "passup"
28 error cwd /Users/drew/Desktop/Make Mobile Crewners Site
29 error node -v v0.10.22
30 error npm -v 1.3.14
31 error code E404
32 verbose exit [ 1, true ]
